line:81 2013-05-05 14:51:55,730 weibo.py INFO getservertimeandnonce结果，{"retcode":0,"servertime":1367736715,"pcid":"xd-a05bc799ee5aa43bd8afe5334c832af68326","nonce":"GRPY8S","pubkey":"EB2A38568661887FA180BDDB5CABD5F21C7BFD59C090CB2D245A87AC253062882729293E5506350508E7F9AA3BB77F4333231490F915F6D63C55FE2F08A49B353F444AD3993CACC02DB784ABBB8E42A9B1BBFFFB38BE18D78E87A0E41B9B8F73A928EE0CCEE1F6739884B9777E4FE9E88A1BBE495927AC4A799B3181D6442443","rsakv":"1330428213","exectime":1}
line:86 2013-05-05 14:51:55,732 weibo.py INFO servertime -> 1367736715
line:86 2013-05-05 14:51:55,732 weibo.py INFO nonce -> GRPY8S
line:86 2013-05-05 14:51:55,733 weibo.py INFO pubkey -> EB2A38568661887FA180BDDB5CABD5F21C7BFD59C090CB2D245A87AC253062882729293E5506350508E7F9AA3BB77F4333231490F915F6D63C55FE2F08A49B353F444AD3993CACC02DB784ABBB8E42A9B1BBFFFB38BE18D78E87A0E41B9B8F73A928EE0CCEE1F6739884B9777E4FE9E88A1BBE495927AC4A799B3181D6442443
line:86 2013-05-05 14:51:55,733 weibo.py INFO rsakv -> 1330428213
line:180 2013-05-05 14:51:55,927 weibo.py INFO 跳转链接，http://weibo.com/ajaxlogin.php?framelogin=1&callback=parent.sinaSSOController.feedBackUrlCallBack&sudaref=weibo.com&ssosavestate=1370328715&ticket=ST-MjE2NDE4Nzg3NA==-1367736715-xd-E762CB21502F9A6B8C0A7CE0860C8729&retcode=0
line:186 2013-05-05 14:51:55,927 weibo.py INFO 登录成功
line:192 2013-05-05 14:51:56,157 weibo.py INFO 当前登录微博id 2164187874
line:276 2013-05-05 14:51:57,132 weibo.py INFO 2164187874 粉丝第1页结果，共16个
line:276 2013-05-05 14:51:58,092 weibo.py INFO 2164187874 粉丝第2页结果，共13个
line:276 2013-05-05 14:51:59,240 weibo.py INFO 2164187874 粉丝第3页结果，共17个
line:276 2013-05-05 14:52:00,210 weibo.py INFO 2164187874 粉丝第4页结果，共16个
line:320 2013-05-05 14:52:01,566 weibo.py INFO 2164187874 关注第1页结果，共30个
line:320 2013-05-05 14:52:02,821 weibo.py INFO 2164187874 关注第2页结果，共30个
line:320 2013-05-05 14:52:03,809 weibo.py INFO 2164187874 关注第3页结果，共29个
line:320 2013-05-05 14:52:04,760 weibo.py INFO 2164187874 关注第4页结果，共29个
line:320 2013-05-05 14:52:05,900 weibo.py INFO 2164187874 关注第5页结果，共30个
line:320 2013-05-05 14:52:07,335 weibo.py INFO 2164187874 关注第6页结果，共30个
line:320 2013-05-05 14:52:08,302 weibo.py INFO 2164187874 关注第7页结果，共30个
line:320 2013-05-05 14:52:09,766 weibo.py INFO 2164187874 关注第8页结果，共29个
line:320 2013-05-05 14:52:11,135 weibo.py INFO 2164187874 关注第9页结果，共29个
line:320 2013-05-05 14:52:12,164 weibo.py INFO 2164187874 关注第10页结果，共14个
line:276 2013-05-05 14:52:14,437 weibo.py INFO 1915548291 粉丝第1页结果，共20个
line:276 2013-05-05 14:52:15,595 weibo.py INFO 1915548291 粉丝第2页结果，共19个
line:276 2013-05-05 14:52:16,628 weibo.py INFO 1915548291 粉丝第3页结果，共19个
line:276 2013-05-05 14:52:17,884 weibo.py INFO 1915548291 粉丝第4页结果，共20个
line:276 2013-05-05 14:52:18,967 weibo.py INFO 1915548291 粉丝第5页结果，共19个
line:276 2013-05-05 14:52:20,138 weibo.py INFO 1915548291 粉丝第6页结果，共20个
line:276 2013-05-05 14:52:21,411 weibo.py INFO 1915548291 粉丝第7页结果，共20个
line:276 2013-05-05 14:52:23,296 weibo.py INFO 1915548291 粉丝第8页结果，共20个
line:276 2013-05-05 14:52:24,447 weibo.py INFO 1915548291 粉丝第9页结果，共20个
line:276 2013-05-05 14:52:25,845 weibo.py INFO 1915548291 粉丝第10页结果，共20个
line:276 2013-05-05 14:52:27,158 weibo.py INFO 1915548291 粉丝第11页结果，共20个
line:276 2013-05-05 14:52:28,223 weibo.py INFO 1915548291 粉丝第12页结果，共20个
line:276 2013-05-05 14:52:30,101 weibo.py INFO 1915548291 粉丝第13页结果，共20个
line:276 2013-05-05 14:52:31,338 weibo.py INFO 1915548291 粉丝第14页结果，共20个
line:276 2013-05-05 14:52:32,394 weibo.py INFO 1915548291 粉丝第15页结果，共20个
line:276 2013-05-05 14:52:33,506 weibo.py INFO 1915548291 粉丝第16页结果，共20个
line:276 2013-05-05 14:52:34,874 weibo.py INFO 1915548291 粉丝第17页结果，共20个
line:276 2013-05-05 14:52:36,003 weibo.py INFO 1915548291 粉丝第18页结果，共19个
line:276 2013-05-05 14:52:37,183 weibo.py INFO 1915548291 粉丝第19页结果，共20个
line:276 2013-05-05 14:52:38,315 weibo.py INFO 1915548291 粉丝第20页结果，共20个
line:320 2013-05-05 14:52:39,520 weibo.py INFO 1915548291 关注第1页结果，共20个
line:320 2013-05-05 14:52:40,908 weibo.py INFO 1915548291 关注第2页结果，共20个
line:320 2013-05-05 14:52:42,006 weibo.py INFO 1915548291 关注第3页结果，共20个
line:320 2013-05-05 14:52:46,262 weibo.py INFO 1915548291 关注第4页结果，共20个
line:320 2013-05-05 14:52:47,940 weibo.py INFO 1915548291 关注第5页结果，共20个
line:320 2013-05-05 14:52:49,773 weibo.py INFO 1915548291 关注第6页结果，共20个
line:320 2013-05-05 14:52:51,076 weibo.py INFO 1915548291 关注第7页结果，共20个
line:320 2013-05-05 14:52:52,319 weibo.py INFO 1915548291 关注第8页结果，共20个
line:320 2013-05-05 14:52:53,894 weibo.py INFO 1915548291 关注第9页结果，共20个
line:320 2013-05-05 14:52:55,660 weibo.py INFO 1915548291 关注第10页结果，共20个
line:320 2013-05-05 14:52:56,895 weibo.py INFO 1915548291 关注第11页结果，共20个
line:320 2013-05-05 14:52:58,497 weibo.py INFO 1915548291 关注第12页结果，共20个
line:320 2013-05-05 14:53:00,246 weibo.py INFO 1915548291 关注第13页结果，共20个
line:320 2013-05-05 14:53:01,516 weibo.py INFO 1915548291 关注第14页结果，共20个
line:320 2013-05-05 14:53:02,740 weibo.py INFO 1915548291 关注第15页结果，共20个
line:320 2013-05-05 14:53:03,999 weibo.py INFO 1915548291 关注第16页结果，共20个
line:320 2013-05-05 14:53:05,815 weibo.py INFO 1915548291 关注第17页结果，共20个
line:320 2013-05-05 14:53:07,543 weibo.py INFO 1915548291 关注第18页结果，共20个
line:320 2013-05-05 14:53:08,898 weibo.py INFO 1915548291 关注第19页结果，共20个
line:320 2013-05-05 14:53:09,986 weibo.py INFO 1915548291 关注第20页结果，共20个
